广告id	创建时间	广告账户id	商品id	商品类型	广告行业id	素材尺寸

106452	1529958950	22226	16088	13	225	
233649	1538221936	25681	7356	13	136	1
547531	1550731020	20696	-1	1	186	40
707841	1551857857	3968	-1	3	186	40
457009	1550439402	23614	7447	13	172	
733436	1552977426	22405	31722	5	117	64
249105	1552641796	11360	29999	18	145	44
160014	1552532512	6441	2373	18	198	36
541096	1552467888	5117	220	5	232	44
634000	1552292527	28588	20164	18	76	64




a. 广告静态数据
该类广告属性一般从广告创建后无法修改。 所有 id 类数据均为加密后随机映射。
各列用制表符分隔，含义如下：
 广告 id：和曝光日志中的广告 id 相关联6
 创建时间	： 广告创建时的时间戳
 广告账户 id：广告所在账户的唯一标识，账户结构分为四级：账户——推广计
划——广告——素材
 商品 id：广告推广目标的唯一标识，若推广目标是落地页，则该字段为空
 商品类型 ：广告推广目标的类型，枚举型
 广告行业 id：广告所属的行业类别标识
 素材尺寸：不同广告位对素材的尺寸要求不同，同一个广告可能有多个不同尺
寸的素材，用逗号分隔
