广告请求id	广告请求时间	广告位id	用户id	曝光广告id	曝光广告素材尺寸	曝光广告出价bid	曝光广告pctr	曝光广告quality_epcm	曝光广告totalEcpm
53991770	1550409746	94	1160618	451525	50	46	47.217	944.34	3122.34
25942318	1550370892	79	203814	214797	64	10	49.094	981.88	1471.88
66156247	1550416600	18	808543	92253	40	96	3.824	76.48	443.584
5935886	1550365898	198	7270	160082	64	85	6.123	122.46	642.915
11624425	1550361159	168	852707	253902	64	60	4.329	86.58	346.32
87085212	1550406108	209	794015	126362	64	236	13.914	278.28	3561.984
13220086	1550412325	320	228155	307878	64	107	7.538	150.76	957.326
86036534	1550366402	39	1089376	324657	44	31	18.965	379.3	966.3
14581426	1550333073	297	601634	427309	64	42	21.066	421.32	1306.092
35294027	1550379093	297	1373800	608799	64	12	7.194	143.88	230.208



1） 历史曝光日志数据文件
为避免数据量过大，历史曝光数据选择了在用户维度（uv）上按 512 分之一进行均
匀采样。 各字段使用制表符(\t)分隔，每列的具体含义如下：
 广告请求 id：唯一标识每次请求（每个请求对应一个用户某一时刻，可能多个
广告位）4
 广告请求时间：该字段为时间戳，即 1970 纪元后经过的浮点秒数
 广告位 id：加密后无业务含义，只区分不同广告位，每个广告位只能曝光特定
素材尺寸的广告
 用户 id（即看广告的人）：加密后无业务含义，只区分不同用户，可和后面的
用户特征数据中 id 相关联
 曝光广告 id：加密后无业务含义，只区分不同广告，可以和广告特征文件中的
广告 id 关联
 曝光广告素材尺寸：枚举型取值，不同广告位对素材的尺寸要求不同，同一个
广告位可能适配多个不同尺寸的素材
 曝光广告出价 bid：这里只记录 cpc 出价，非 cpc 广告此处记录折算后的 cpc
价格
 曝光广告 pctr：预估的 pctr，和 bid 相乘得到 basic_ecpm
 曝光广告 quality_ecpm：将广告质量和用户体验等因素折算成 ecpm 的分数，
主要影响因素有 pctr/pcvr/窄定向等
 曝光广告 totalEcpm：广告排序的分数依据，由 basic_ecpm 和 quality_ecpm
相加得到




#######################################################################
								统计结果

1. 时间粒度统计：
	时间为从 2019-2-17 到 2019-3-19 的数据

